#
# There is insufficient memory for the Java Runtime Environment to continue.
# Native memory allocation (mmap) failed to map 134217728 bytes for Failed to commit area from 0x0000000081400000 to 0x0000000089400000 of length 134217728.
# Possible reasons:
#   The system is out of physical RAM or swap space
#   The process is running with CompressedOops enabled, and the Java Heap may be blocking the growth of the native heap
# Possible solutions:
#   Reduce memory load on the system
#   Increase physical memory or swap space
#   Check if swap backing store is full
#   Decrease Java heap size (-Xmx/-Xms)
#   Decrease number of Java threads
#   Decrease Java thread stack sizes (-Xss)
#   Set larger code cache with -XX:ReservedCodeCacheSize=
# This output file may be truncated or incomplete.
#
#  Out of Memory Error (./src/hotspot/os/windows/os_windows.cpp:3303), pid=19276, tid=14296
#
# JRE version:  (11.0.8+10) (build )
# Java VM: OpenJDK 64-Bit Server VM (11.0.8+10-b944.31, mixed mode, sharing, tiered, compressed oops, g1 gc, windows-amd64)
# No core dump will be written. Minidumps are not enabled by default on client versions of Windows
#

---------------  S U M M A R Y ------------

Command Line: org.jetbrains.git4idea.http.GitAskPassApp Username for 'https://gitee.com': 

Host: Intel(R) Core(TM) i5-8350U CPU @ 1.70GHz, 8 cores, 7G,  Windows 10 , 64 bit Build 19041 (10.0.19041.804)
Time: Wed Apr 21 21:47:32 2021 中国标准时间 elapsed time: 0 seconds (0d 0h 0m 0s)

---------------  T H R E A D  ---------------

Current thread (0x00000266f4c8c800):  JavaThread "Unknown thread" [_thread_in_vm, id=14296, stack(0x000000f23c000000,0x000000f23c100000)]

Stack: [0x000000f23c000000,0x000000f23c100000]
Native frames: (J=compiled Java code, j=interpreted, Vv=VM code, C=native code)
V  [jvm.dll+0x5de35a]
V  [jvm.dll+0x712355]
V  [jvm.dll+0x7138ad]
V  [jvm.dll+0x713f63]
V  [jvm.dll+0x23e628]
V  [jvm.dll+0x5db804]
V  [jvm.dll+0x5d0925]
V  [jvm.dll+0x2faf9b]
V  [jvm.dll+0x2faf0a]
V  [jvm.dll+0x2fade2]
V  [jvm.dll+0x2ffcb6]
V  [jvm.dll+0x3483a3]
V  [jvm.dll+0x348aa6]
V  [jvm.dll+0x3484a3]
V  [jvm.dll+0x2d5be8]
V  [jvm.dll+0x2d6d87]
V  [jvm.dll+0x6f10e7]
V  [jvm.dll+0x6f28dc]
V  [jvm.dll+0x3558f9]
V  [jvm.dll+0x6d492e]
V  [jvm.dll+0x3bdad3]
V  [jvm.dll+0x3bfd01]
C  [jli.dll+0x5373]
C  [ucrtbase.dll+0x21bb2]
C  [KERNEL32.DLL+0x17034]
C  [ntdll.dll+0x52651]


---------------  P R O C E S S  ---------------

Threads class SMR info:
_java_thread_list=0x00000266f2bd1cd0, length=0, elements={
}

Java Threads: ( => current thread )

Other Threads:
  0x00000266f4ca3000 GCTaskThread "GC Thread#0" [stack: 0x000000f23c100000,0x000000f23c200000] [id=22784]
  0x00000266f4cd7800 ConcurrentGCThread "G1 Main Marker" [stack: 0x000000f23c200000,0x000000f23c300000] [id=17336]
  0x00000266f4cda000 ConcurrentGCThread "G1 Conc#0" [stack: 0x000000f23c300000,0x000000f23c400000] [id=18468]

[error occurred during error reporting (printing all threads), id 0xc0000005, EXCEPTION_ACCESS_VIOLATION (0xc0000005) at pc=0x00007ffa2bd560c7]

VM state:not at safepoint (not fully initialized)

VM Mutex/Monitor currently owned by a thread:  ([mutex/lock_event])
[0x00000266f4c8ac50] Heap_lock - owner thread: 0x00000266f4c8c800

Heap address: 0x0000000081400000, size: 2028 MB, Compressed Oops mode: Non-zero based: 0x0000000081400000
Narrow klass base: 0x0000000000000000, Narrow klass shift: 0

GC Heap History (0 events):
No events

Deoptimization events (0 events):
No events

Classes redefined (0 events):
No events

Internal exceptions (0 events):
No events

Events (1 events):
Event: 0.037 Loaded shared library C:\JetBrains\IntelliJ IDEA 2020.2.1\jbr\bin\zip.dll


Dynamic libraries:
0x00007ff6c08b0000 - 0x00007ff6c08ba000 	C:\JetBrains\IntelliJ IDEA 2020.2.1\jbr\bin\java.exe
0x00007ffa89050000 - 0x00007ffa89245000 	C:\WINDOWS\SYSTEM32\ntdll.dll
0x00007ffa87180000 - 0x00007ffa8723d000 	C:\WINDOWS\System32\KERNEL32.DLL
0x00007ffa86cd0000 - 0x00007ffa86f99000 	C:\WINDOWS\System32\KERNELBASE.dll
0x00007ffa868c0000 - 0x00007ffa869c0000 	C:\WINDOWS\System32\ucrtbase.dll
0x00007ffa73f20000 - 0x00007ffa73f39000 	C:\JetBrains\IntelliJ IDEA 2020.2.1\jbr\bin\jli.dll
0x00007ffa73c80000 - 0x00007ffa73c97000 	C:\JetBrains\IntelliJ IDEA 2020.2.1\jbr\bin\VCRUNTIME140.dll
0x00007ffa87c10000 - 0x00007ffa87db0000 	C:\WINDOWS\System32\USER32.dll
0x00007ffa6f130000 - 0x00007ffa6f3ca000 	C:\WINDOWS\WinSxS\amd64_microsoft.windows.common-controls_6595b64144ccf1df_6.0.19041.844_none_ca00b6081b84eb1d\COMCTL32.dll
0x00007ffa86840000 - 0x00007ffa86862000 	C:\WINDOWS\System32\win32u.dll
0x00007ffa88830000 - 0x00007ffa888ce000 	C:\WINDOWS\System32\msvcrt.dll
0x00007ffa87f10000 - 0x00007ffa87f3a000 	C:\WINDOWS\System32\GDI32.dll
0x00007ffa86fa0000 - 0x00007ffa870ab000 	C:\WINDOWS\System32\gdi32full.dll
0x00007ffa86ba0000 - 0x00007ffa86c3d000 	C:\WINDOWS\System32\msvcp_win.dll
0x00007ffa87e30000 - 0x00007ffa87e60000 	C:\WINDOWS\System32\IMM32.DLL
0x00007ffa73470000 - 0x00007ffa7350d000 	C:\JetBrains\IntelliJ IDEA 2020.2.1\jbr\bin\msvcp140.dll
0x00007ffa2ba70000 - 0x00007ffa2c52d000 	C:\JetBrains\IntelliJ IDEA 2020.2.1\jbr\bin\server\jvm.dll
0x00007ffa88a20000 - 0x00007ffa88acc000 	C:\WINDOWS\System32\ADVAPI32.dll
0x00007ffa87e60000 - 0x00007ffa87efc000 	C:\WINDOWS\System32\sechost.dll
0x00007ffa885e0000 - 0x00007ffa8870b000 	C:\WINDOWS\System32\RPCRT4.dll
0x00007ffa87f00000 - 0x00007ffa87f08000 	C:\WINDOWS\System32\PSAPI.DLL
0x00007ffa73170000 - 0x00007ffa73197000 	C:\WINDOWS\SYSTEM32\WINMM.dll
0x00007ffa738d0000 - 0x00007ffa738d9000 	C:\WINDOWS\SYSTEM32\WSOCK32.dll
0x00007ffa75bc0000 - 0x00007ffa75bca000 	C:\WINDOWS\SYSTEM32\VERSION.dll
0x00007ffa87ba0000 - 0x00007ffa87c0b000 	C:\WINDOWS\System32\WS2_32.dll
0x00007ffa846d0000 - 0x00007ffa846e2000 	C:\WINDOWS\SYSTEM32\kernel.appcore.dll
0x00007ffa738b0000 - 0x00007ffa738c1000 	C:\JetBrains\IntelliJ IDEA 2020.2.1\jbr\bin\verify.dll
0x00007ffa82310000 - 0x00007ffa824f4000 	C:\WINDOWS\SYSTEM32\DBGHELP.DLL
0x00007ffa6fe90000 - 0x00007ffa6febc000 	C:\WINDOWS\SYSTEM32\dbgcore.DLL
0x00007ffa86b20000 - 0x00007ffa86ba0000 	C:\WINDOWS\System32\bcryptPrimitives.dll
0x00007ffa6d4c0000 - 0x00007ffa6d4e9000 	C:\JetBrains\IntelliJ IDEA 2020.2.1\jbr\bin\java.dll
0x00007ffa6e110000 - 0x00007ffa6e11b000 	C:\JetBrains\IntelliJ IDEA 2020.2.1\jbr\bin\jimage.dll
0x00007ffa6d4a0000 - 0x00007ffa6d4b8000 	C:\JetBrains\IntelliJ IDEA 2020.2.1\jbr\bin\zip.dll

dbghelp: loaded successfully - version: 4.0.5 - missing functions: none
symbol engine: initialized successfully - sym options: 0x614 - pdb path: .;C:\JetBrains\IntelliJ IDEA 2020.2.1\jbr\bin;C:\WINDOWS\SYSTEM32;C:\WINDOWS\WinSxS\amd64_microsoft.windows.common-controls_6595b64144ccf1df_6.0.19041.844_none_ca00b6081b84eb1d;C:\JetBrains\IntelliJ IDEA 2020.2.1\jbr\bin\server

VM Arguments:
java_command: org.jetbrains.git4idea.http.GitAskPassApp Username for 'https://gitee.com': 
java_class_path (initial): C:/JetBrains/IntelliJ IDEA 2020.2.1/plugins/git4idea/lib/git4idea-rt.jar;C:/JetBrains/IntelliJ IDEA 2020.2.1/lib/xmlrpc-2.0.1.jar;C:/JetBrains/IntelliJ IDEA 2020.2.1/lib/commons-codec-1.14.jar
Launcher Type: SUN_STANDARD

[Global flags]
     intx CICompilerCount                          = 4                                         {product} {ergonomic}
     uint ConcGCThreads                            = 2                                         {product} {ergonomic}
     uint G1ConcRefinementThreads                  = 8                                         {product} {ergonomic}
   size_t G1HeapRegionSize                         = 1048576                                   {product} {ergonomic}
    uintx GCDrainStackTargetSize                   = 64                                        {product} {ergonomic}
   size_t InitialHeapSize                          = 134217728                                 {product} {ergonomic}
   size_t MarkStackSize                            = 4194304                                   {product} {ergonomic}
   size_t MaxHeapSize                              = 2126512128                                {product} {ergonomic}
   size_t MinHeapDeltaBytes                        = 1048576                                   {product} {ergonomic}
    uintx NonNMethodCodeHeapSize                   = 5836300                                {pd product} {ergonomic}
    uintx NonProfiledCodeHeapSize                  = 122910970                              {pd product} {ergonomic}
    uintx ProfiledCodeHeapSize                     = 122910970                              {pd product} {ergonomic}
    uintx ReservedCodeCacheSize                    = 251658240                              {pd product} {ergonomic}
     bool SegmentedCodeCache                       = true                                      {product} {ergonomic}
     bool UseCompressedClassPointers               = true                                 {lp64_product} {ergonomic}
     bool UseCompressedOops                        = true                                 {lp64_product} {ergonomic}
     bool UseG1GC                                  = true                                      {product} {ergonomic}
     bool UseLargePagesIndividualAllocation        = false                                  {pd product} {ergonomic}

Logging:
Log output configuration:
 #0: stdout all=warning uptime,level,tags
 #1: stderr all=off uptime,level,tags

Environment Variables:
JAVA_HOME=C:\Program Files\Java\jdk-11.0.8
CLASSPATH=.;C:\Program Files\Java\jdk-11.0.8\lib\dt.jar;C:\Program Files\Java\jdk-11.0.8\lib\tools.jar;C:\Program Files\Ant\apache-ant-1.9.15\lib;
PATH=C:\Program Files\Git\mingw64\libexec\git-core;C:\Program Files\Git\mingw64\libexec\git-core;C:\Program Files\Git\mingw64\bin;C:\Program Files\Git\usr\bin;C:\Users\10485\bin;C:\WINDOWS\system32;C:\WINDOWS;C:\WINDOWS\System32\Wbem;C:\WINDOWS\System32\WindowsPowerShell\v1.0;C:\WINDOWS\System32\OpenSSH;C:\Program Files\MATLAB\R2016a\runtime\win64;C:\Program Files\MATLAB\R2016a\bin;C:\Program Files\MATLAB\R2016a\polyspace\bin;C:\MinGW\bin;C:\Program Files\Java\jdk-11.0.8\bin;C:\Program Files\nodejs;C:\Program Files\Git\cmd;C:\Program Files (x86)\CTEX\UserData\miktex\bin;C:\Program Files (x86)\CTEX\MiKTeX\miktex\bin;C:\Program Files (x86)\CTEX\CTeX;C:\Program Files (x86)\CTEX\CTeX\Packages\ctex\bin;C:\Program Files (x86)\CTEX\CTeX;C:\Program Files (x86)\CTEX\CTeX\Packages\cct\bin;C:\Program Files (x86)\CTEX\CTeX;C:\Program Files (x86)\CTEX\CTeX\Packages\ty\bin;C:\Program Files (x86)\CTEX\Ghostscript\gs9.18\bin;C:\Program Files (x86)\CTEX\GSview\gsview;C:\Program Files (x86)\CTEX\WinEdt;C:\Program Files\Ant\apache-ant-1.9.15\bin;C:\Users\10485\miniconda3;C:\Users\10485\miniconda3\Library\mingw-w64\bin;C:\Users\10485\miniconda3\Library\usr\bin;C:\Users\10485\miniconda3\Library\bin;C:\Users\10485\miniconda3\Scripts;C:\Python\Python37\Scripts;C:\Python\Python37;C:\Users\10485\AppData\Local\Microsoft\WindowsApps;C:\Program Files\Bandizip;C:\Program Files\Java\jdk-11.0.8\bin;C:\Users\10485\AppData\Local\Programs\Microsoft VS Code\bin;C:\JetBrains\IntelliJ IDEA 2020.2.1\bin;C:\Users\10485\AppData\Roaming\npm;C:\Program Files\JetBrains\WebStorm 2020.2.3\bin
USERNAME=10485
DISPLAY=:0.0
LC_ALL=en_US.UTF-8
OS=Windows_NT
PROCESSOR_IDENTIFIER=Intel64 Family 6 Model 142 Stepping 10, GenuineIntel



---------------  S Y S T E M  ---------------

OS: Windows 10 , 64 bit Build 19041 (10.0.19041.804)
OS uptime: 8 days 19:31 hours

CPU:total 8 (initial active 8) (4 cores per cpu, 2 threads per core) family 6 model 142 stepping 10, cmov, cx8, fxsr, mmx, sse, sse2, sse3, ssse3, sse4.1, sse4.2, popcnt, avx, avx2, aes, clmul, erms, rtm, 3dnowpref, lzcnt, ht, tsc, tscinvbit, bmi1, bmi2, adx, fma

Memory: 4k page, system-wide physical 8108M (837M free)
TotalPageFile size 23220M (AvailPageFile size 76M)
current process WorkingSet (physical memory assigned to process): 10M, peak: 10M
current process commit charge ("private bytes"): 59M, peak: 187M

vm_info: OpenJDK 64-Bit Server VM (11.0.8+10-b944.31) for windows-amd64 JRE (11.0.8+10-b944.31), built on Aug  6 2020 12:27:04 by "" with MS VC++ 14.0 (VS2015)

END.
